<!DOCTYPE html PUBLIC "-//W3C//DTD XHTML 1.1//EN" "https://www.w3.org/TR/xhtml11/DTD/xhtml11.dtd">
<html xmlns="https://www.w3.org/1999/xhtml">
<head>
<meta http-equiv="content-type" content="text/html; charset=UTF-8"/>
<title>TestNG Report</title>
<style type="text/css">table {margin-bottom:10px;border-collapse:collapse;empty-cells:show}th,td {border:1px solid #009;padding:.25em .5em}th {vertical-align:bottom}td {vertical-align:top}table a {font-weight:bold}.stripe td {background-color: #E6EBF9}.num {text-align:right}.passedodd td {background-color: #3F3}.passedeven td {background-color: #0A0}.skippedodd td {background-color: #DDD}.skippedeven td {background-color: #CCC}.failedodd td,.attn {background-color: #F33}.failedeven td,.stripe .attn {background-color: #D00}.stacktrace {white-space:pre;font-family:monospace}.totop {font-size:85%;text-align:center;border-bottom:2px solid #000}.invisible {display:none}</style>
</head>
<body>
<table>
<tr><th>Test</th><th># Passed</th><th># Skipped</th><th># Retried</th><th># Failed</th><th>Time (ms)</th><th>Included Groups</th><th>Excluded Groups</th></tr>
<tr><th colspan="8">Suite</th></tr>
<tr><td><a href="#t0">Test</a></td><td class="num">11</td><td class="num">0</td><td class="num">0</td><td class="num">0</td><td class="num">16,729</td><td></td><td></td></tr>
<tr><th colspan="8">Suite (0)</th></tr>
<tr class="stripe"><td><a href="#t1">Test</a></td><td class="num">4</td><td class="num">0</td><td class="num">0</td><td class="num attn">20</td><td class="num">27,671</td><td></td><td></td></tr>
<tr><th>Total</th><th class="num">15</th><th class="num">0</th><th class="num">0</th><th class="num attn">20</th><th class="num">44,400</th><th colspan="2"></th></tr>
</table>
<table id='summary'><thead><tr><th>Class</th><th>Method</th><th>Start</th><th>Time (ms)</th></tr></thead><tbody><tr><th colspan="4">Suite</th></tr></tbody><tbody id="t0"><tr><th colspan="4">Test &#8212; passed</th></tr><tr class="passedeven"><td rowspan="11">api.tests.userTest1</td><td><a href="#m0">test_creatUserusingDataProvider</a></td><td rowspan="3">1733299243693</td><td rowspan="3">1154</td></tr><tr class="passedeven"><td><a href="#m1">test_creatUserusingDataProvider</a></td></tr><tr class="passedeven"><td><a href="#m2">test_creatUserusingDataProvider</a></td></tr><tr class="passedeven"><td><a href="#m3">test_deleteUser</a></td><td rowspan="3">1733299249436</td><td rowspan="3">1129</td></tr><tr class="passedeven"><td><a href="#m4">test_deleteUser</a></td></tr><tr class="passedeven"><td><a href="#m5">test_deleteUser</a></td></tr><tr class="passedeven"><td><a href="#m6">test_getUser</a></td><td rowspan="3">1733299246004</td><td rowspan="3">1150</td></tr><tr class="passedeven"><td><a href="#m7">test_getUser</a></td></tr><tr class="passedeven"><td><a href="#m8">test_getUser</a></td></tr><tr class="passedeven"><td><a href="#m9">test_loginWithValidUser</a></td><td rowspan="1">1733299252852</td><td rowspan="1">1181</td></tr><tr class="passedeven"><td><a href="#m10">test_logoutWithValidUser</a></td><td rowspan="1">1733299254036</td><td rowspan="1">1165</td></tr></tbody>
<tbody><tr><th colspan="4">Suite (0)</th></tr></tbody><tbody id="t1"><tr><th colspan="4">Test &#8212; failed</th></tr><tr class="failedeven"><td rowspan="20">api.tests.Test_store</td><td><a href="#m11">test_deletePurchaseOrder</a></td><td rowspan="10">1733299260218</td><td rowspan="10">1148</td></tr><tr class="failedeven"><td><a href="#m12">test_deletePurchaseOrder</a></td></tr><tr class="failedeven"><td><a href="#m13">test_deletePurchaseOrder</a></td></tr><tr class="failedeven"><td><a href="#m14">test_deletePurchaseOrder</a></td></tr><tr class="failedeven"><td><a href="#m15">test_deletePurchaseOrder</a></td></tr><tr class="failedeven"><td><a href="#m16">test_deletePurchaseOrder</a></td></tr><tr class="failedeven"><td><a href="#m17">test_deletePurchaseOrder</a></td></tr><tr class="failedeven"><td><a href="#m18">test_deletePurchaseOrder</a></td></tr><tr class="failedeven"><td><a href="#m19">test_deletePurchaseOrder</a></td></tr><tr class="failedeven"><td><a href="#m20">test_deletePurchaseOrder</a></td></tr><tr class="failedeven"><td><a href="#m21">test_purchaseOrderHistory</a></td><td rowspan="10">1733299275287</td><td rowspan="10">1158</td></tr><tr class="failedeven"><td><a href="#m22">test_purchaseOrderHistory</a></td></tr><tr class="failedeven"><td><a href="#m23">test_purchaseOrderHistory</a></td></tr><tr class="failedeven"><td><a href="#m24">test_purchaseOrderHistory</a></td></tr><tr class="failedeven"><td><a href="#m25">test_purchaseOrderHistory</a></td></tr><tr class="failedeven"><td><a href="#m26">test_purchaseOrderHistory</a></td></tr><tr class="failedeven"><td><a href="#m27">test_purchaseOrderHistory</a></td></tr><tr class="failedeven"><td><a href="#m28">test_purchaseOrderHistory</a></td></tr><tr class="failedeven"><td><a href="#m29">test_purchaseOrderHistory</a></td></tr><tr class="failedeven"><td><a href="#m30">test_purchaseOrderHistory</a></td></tr><tr><th colspan="4">Test &#8212; passed</th></tr><tr class="passedeven"><td rowspan="4">api.tests.Test_store</td><td><a href="#m31">test_getStroreInventory</a></td><td rowspan="1">1733299267097</td><td rowspan="1">1158</td></tr><tr class="passedeven"><td><a href="#m32">test_placeOrder</a></td><td rowspan="3">1733299269440</td><td rowspan="3">1172</td></tr><tr class="passedeven"><td><a href="#m33">test_placeOrder</a></td></tr><tr class="passedeven"><td><a href="#m34">test_placeOrder</a></td></tr></tbody>
</table>
<h2>Test</h2><h3 id="m0">api.tests.userTest1#test_creatUserusingDataProvider</h3><table class="result"><tr class="param"><th>Parameter #1</th><th>Parameter #2</th><th>Parameter #3</th><th>Parameter #4</th><th>Parameter #5</th><th>Parameter #6</th><th>Parameter #7</th></tr><tr class="param stripe"><td>1020</td><td>testuser2</td><td>under</td><td>taker</td><td>b@gmail.com</td><td>test@123</td><td>1234567897</td></tr></table><p class="totop"><a href="#summary">back to summary</a></p>
<h3 id="m1">api.tests.userTest1#test_creatUserusingDataProvider</h3><table class="result"><tr class="param"><th>Parameter #1</th><th>Parameter #2</th><th>Parameter #3</th><th>Parameter #4</th><th>Parameter #5</th><th>Parameter #6</th><th>Parameter #7</th></tr><tr class="param stripe"><td>1030</td><td>testuser3</td><td>kane</td><td>taker</td><td>c@gmail.com</td><td>test@123</td><td>1234567897</td></tr></table><p class="totop"><a href="#summary">back to summary</a></p>
<h3 id="m2">api.tests.userTest1#test_creatUserusingDataProvider</h3><table class="result"><tr class="param"><th>Parameter #1</th><th>Parameter #2</th><th>Parameter #3</th><th>Parameter #4</th><th>Parameter #5</th><th>Parameter #6</th><th>Parameter #7</th></tr><tr class="param stripe"><td>1010</td><td>testuser1</td><td>Jhon</td><td>Cena</td><td>a@gmail.com</td><td>test@123</td><td>1234567897</td></tr></table><p class="totop"><a href="#summary">back to summary</a></p>
<h3 id="m3">api.tests.userTest1#test_deleteUser</h3><table class="result"><tr class="param"><th>Parameter #1</th></tr><tr class="param stripe"><td>testuser1</td></tr></table><p class="totop"><a href="#summary">back to summary</a></p>
<h3 id="m4">api.tests.userTest1#test_deleteUser</h3><table class="result"><tr class="param"><th>Parameter #1</th></tr><tr class="param stripe"><td>testuser2</td></tr></table><p class="totop"><a href="#summary">back to summary</a></p>
<h3 id="m5">api.tests.userTest1#test_deleteUser</h3><table class="result"><tr class="param"><th>Parameter #1</th></tr><tr class="param stripe"><td>testuser3</td></tr></table><p class="totop"><a href="#summary">back to summary</a></p>
<h3 id="m6">api.tests.userTest1#test_getUser</h3><table class="result"><tr class="param"><th>Parameter #1</th></tr><tr class="param stripe"><td>testuser1</td></tr></table><p class="totop"><a href="#summary">back to summary</a></p>
<h3 id="m7">api.tests.userTest1#test_getUser</h3><table class="result"><tr class="param"><th>Parameter #1</th></tr><tr class="param stripe"><td>testuser3</td></tr></table><p class="totop"><a href="#summary">back to summary</a></p>
<h3 id="m8">api.tests.userTest1#test_getUser</h3><table class="result"><tr class="param"><th>Parameter #1</th></tr><tr class="param stripe"><td>testuser2</td></tr></table><p class="totop"><a href="#summary">back to summary</a></p>
<h3 id="m9">api.tests.userTest1#test_loginWithValidUser</h3><table class="result"><tr><th class="invisible"/></tr></table><p class="totop"><a href="#summary">back to summary</a></p>
<h3 id="m10">api.tests.userTest1#test_logoutWithValidUser</h3><table class="result"><tr><th class="invisible"/></tr></table><p class="totop"><a href="#summary">back to summary</a></p>
<h2>Test</h2><h3 id="m11">api.tests.Test_store#test_deletePurchaseOrder</h3><table class="result"><tr class="param"><th>Parameter #1</th></tr><tr class="param stripe"><td>5</td></tr><tr><th>Exception</th></tr><tr><td><div class="stacktrace">java.lang.AssertionError: Order not found or invalid status code returned. expected [200] but found [404]
	at api.tests.Test_store.test_deletePurchaseOrder(Test_store.java:45)
	at java.base/java.util.ArrayList.forEach(ArrayList.java:1596)
... Removed 35 stack frames</div></td></tr></table><p class="totop"><a href="#summary">back to summary</a></p>
<h3 id="m12">api.tests.Test_store#test_deletePurchaseOrder</h3><table class="result"><tr class="param"><th>Parameter #1</th></tr><tr class="param stripe"><td>2</td></tr><tr><th>Exception</th></tr><tr><td><div class="stacktrace">java.lang.AssertionError: Order not found or invalid status code returned. expected [200] but found [404]
	at api.tests.Test_store.test_deletePurchaseOrder(Test_store.java:45)
	at java.base/java.util.ArrayList.forEach(ArrayList.java:1596)
... Removed 35 stack frames</div></td></tr></table><p class="totop"><a href="#summary">back to summary</a></p>
<h3 id="m13">api.tests.Test_store#test_deletePurchaseOrder</h3><table class="result"><tr class="param"><th>Parameter #1</th></tr><tr class="param stripe"><td>1</td></tr><tr><th>Exception</th></tr><tr><td><div class="stacktrace">java.lang.AssertionError: Order not found or invalid status code returned. expected [200] but found [404]
	at api.tests.Test_store.test_deletePurchaseOrder(Test_store.java:45)
	at java.base/java.util.ArrayList.forEach(ArrayList.java:1596)
... Removed 35 stack frames</div></td></tr></table><p class="totop"><a href="#summary">back to summary</a></p>
<h3 id="m14">api.tests.Test_store#test_deletePurchaseOrder</h3><table class="result"><tr class="param"><th>Parameter #1</th></tr><tr class="param stripe"><td>6</td></tr><tr><th>Exception</th></tr><tr><td><div class="stacktrace">java.lang.AssertionError: Order not found or invalid status code returned. expected [200] but found [404]
	at api.tests.Test_store.test_deletePurchaseOrder(Test_store.java:45)
	at java.base/java.util.ArrayList.forEach(ArrayList.java:1596)
... Removed 35 stack frames</div></td></tr></table><p class="totop"><a href="#summary">back to summary</a></p>
<h3 id="m15">api.tests.Test_store#test_deletePurchaseOrder</h3><table class="result"><tr class="param"><th>Parameter #1</th></tr><tr class="param stripe"><td>10</td></tr><tr><th>Exception</th></tr><tr><td><div class="stacktrace">java.lang.AssertionError: Order not found or invalid status code returned. expected [200] but found [404]
	at api.tests.Test_store.test_deletePurchaseOrder(Test_store.java:45)
	at java.base/java.util.ArrayList.forEach(ArrayList.java:1596)
... Removed 35 stack frames</div></td></tr></table><p class="totop"><a href="#summary">back to summary</a></p>
<h3 id="m16">api.tests.Test_store#test_deletePurchaseOrder</h3><table class="result"><tr class="param"><th>Parameter #1</th></tr><tr class="param stripe"><td>3</td></tr><tr><th>Exception</th></tr><tr><td><div class="stacktrace">java.lang.AssertionError: Order not found or invalid status code returned. expected [200] but found [404]
	at api.tests.Test_store.test_deletePurchaseOrder(Test_store.java:45)
	at java.base/java.util.ArrayList.forEach(ArrayList.java:1596)
... Removed 35 stack frames</div></td></tr></table><p class="totop"><a href="#summary">back to summary</a></p>
<h3 id="m17">api.tests.Test_store#test_deletePurchaseOrder</h3><table class="result"><tr class="param"><th>Parameter #1</th></tr><tr class="param stripe"><td>8</td></tr><tr><th>Exception</th></tr><tr><td><div class="stacktrace">java.lang.AssertionError: Order not found or invalid status code returned. expected [200] but found [404]
	at api.tests.Test_store.test_deletePurchaseOrder(Test_store.java:45)
	at java.base/java.util.ArrayList.forEach(ArrayList.java:1596)
... Removed 35 stack frames</div></td></tr></table><p class="totop"><a href="#summary">back to summary</a></p>
<h3 id="m18">api.tests.Test_store#test_deletePurchaseOrder</h3><table class="result"><tr class="param"><th>Parameter #1</th></tr><tr class="param stripe"><td>9</td></tr><tr><th>Exception</th></tr><tr><td><div class="stacktrace">java.lang.AssertionError: Order not found or invalid status code returned. expected [200] but found [404]
	at api.tests.Test_store.test_deletePurchaseOrder(Test_store.java:45)
	at java.base/java.util.ArrayList.forEach(ArrayList.java:1596)
... Removed 35 stack frames</div></td></tr></table><p class="totop"><a href="#summary">back to summary</a></p>
<h3 id="m19">api.tests.Test_store#test_deletePurchaseOrder</h3><table class="result"><tr class="param"><th>Parameter #1</th></tr><tr class="param stripe"><td>7</td></tr><tr><th>Exception</th></tr><tr><td><div class="stacktrace">java.lang.AssertionError: Order not found or invalid status code returned. expected [200] but found [404]
	at api.tests.Test_store.test_deletePurchaseOrder(Test_store.java:45)
	at java.base/java.util.ArrayList.forEach(ArrayList.java:1596)
... Removed 35 stack frames</div></td></tr></table><p class="totop"><a href="#summary">back to summary</a></p>
<h3 id="m20">api.tests.Test_store#test_deletePurchaseOrder</h3><table class="result"><tr class="param"><th>Parameter #1</th></tr><tr class="param stripe"><td>4</td></tr><tr><th>Exception</th></tr><tr><td><div class="stacktrace">java.lang.AssertionError: Order not found or invalid status code returned. expected [200] but found [404]
	at api.tests.Test_store.test_deletePurchaseOrder(Test_store.java:45)
	at java.base/java.util.ArrayList.forEach(ArrayList.java:1596)
... Removed 35 stack frames</div></td></tr></table><p class="totop"><a href="#summary">back to summary</a></p>
<h3 id="m21">api.tests.Test_store#test_purchaseOrderHistory</h3><table class="result"><tr class="param"><th>Parameter #1</th></tr><tr class="param stripe"><td>4</td></tr><tr><th>Exception</th></tr><tr><td><div class="stacktrace">java.lang.AssertionError: Order not found or invalid status code returned. expected [200] but found [404]
	at api.tests.Test_store.test_purchaseOrderHistory(Test_store.java:39)
	at java.base/java.util.ArrayList.forEach(ArrayList.java:1596)
... Removed 35 stack frames</div></td></tr></table><p class="totop"><a href="#summary">back to summary</a></p>
<h3 id="m22">api.tests.Test_store#test_purchaseOrderHistory</h3><table class="result"><tr class="param"><th>Parameter #1</th></tr><tr class="param stripe"><td>10</td></tr><tr><th>Exception</th></tr><tr><td><div class="stacktrace">java.lang.AssertionError: Order not found or invalid status code returned. expected [200] but found [404]
	at api.tests.Test_store.test_purchaseOrderHistory(Test_store.java:39)
	at java.base/java.util.ArrayList.forEach(ArrayList.java:1596)
... Removed 35 stack frames</div></td></tr></table><p class="totop"><a href="#summary">back to summary</a></p>
<h3 id="m23">api.tests.Test_store#test_purchaseOrderHistory</h3><table class="result"><tr class="param"><th>Parameter #1</th></tr><tr class="param stripe"><td>1</td></tr><tr><th>Exception</th></tr><tr><td><div class="stacktrace">java.lang.AssertionError: Order not found or invalid status code returned. expected [200] but found [404]
	at api.tests.Test_store.test_purchaseOrderHistory(Test_store.java:39)
	at java.base/java.util.ArrayList.forEach(ArrayList.java:1596)
... Removed 35 stack frames</div></td></tr></table><p class="totop"><a href="#summary">back to summary</a></p>
<h3 id="m24">api.tests.Test_store#test_purchaseOrderHistory</h3><table class="result"><tr class="param"><th>Parameter #1</th></tr><tr class="param stripe"><td>3</td></tr><tr><th>Exception</th></tr><tr><td><div class="stacktrace">java.lang.AssertionError: Order not found or invalid status code returned. expected [200] but found [404]
	at api.tests.Test_store.test_purchaseOrderHistory(Test_store.java:39)
	at java.base/java.util.ArrayList.forEach(ArrayList.java:1596)
... Removed 35 stack frames</div></td></tr></table><p class="totop"><a href="#summary">back to summary</a></p>
<h3 id="m25">api.tests.Test_store#test_purchaseOrderHistory</h3><table class="result"><tr class="param"><th>Parameter #1</th></tr><tr class="param stripe"><td>5</td></tr><tr><th>Exception</th></tr><tr><td><div class="stacktrace">java.lang.AssertionError: Order not found or invalid status code returned. expected [200] but found [404]
	at api.tests.Test_store.test_purchaseOrderHistory(Test_store.java:39)
	at java.base/java.util.ArrayList.forEach(ArrayList.java:1596)
... Removed 35 stack frames</div></td></tr></table><p class="totop"><a href="#summary">back to summary</a></p>
<h3 id="m26">api.tests.Test_store#test_purchaseOrderHistory</h3><table class="result"><tr class="param"><th>Parameter #1</th></tr><tr class="param stripe"><td>7</td></tr><tr><th>Exception</th></tr><tr><td><div class="stacktrace">java.lang.AssertionError: Order not found or invalid status code returned. expected [200] but found [404]
	at api.tests.Test_store.test_purchaseOrderHistory(Test_store.java:39)
	at java.base/java.util.ArrayList.forEach(ArrayList.java:1596)
... Removed 35 stack frames</div></td></tr></table><p class="totop"><a href="#summary">back to summary</a></p>
<h3 id="m27">api.tests.Test_store#test_purchaseOrderHistory</h3><table class="result"><tr class="param"><th>Parameter #1</th></tr><tr class="param stripe"><td>2</td></tr><tr><th>Exception</th></tr><tr><td><div class="stacktrace">java.lang.AssertionError: Order not found or invalid status code returned. expected [200] but found [404]
	at api.tests.Test_store.test_purchaseOrderHistory(Test_store.java:39)
	at java.base/java.util.ArrayList.forEach(ArrayList.java:1596)
... Removed 35 stack frames</div></td></tr></table><p class="totop"><a href="#summary">back to summary</a></p>
<h3 id="m28">api.tests.Test_store#test_purchaseOrderHistory</h3><table class="result"><tr class="param"><th>Parameter #1</th></tr><tr class="param stripe"><td>9</td></tr><tr><th>Exception</th></tr><tr><td><div class="stacktrace">java.lang.AssertionError: Order not found or invalid status code returned. expected [200] but found [404]
	at api.tests.Test_store.test_purchaseOrderHistory(Test_store.java:39)
	at java.base/java.util.ArrayList.forEach(ArrayList.java:1596)
... Removed 35 stack frames</div></td></tr></table><p class="totop"><a href="#summary">back to summary</a></p>
<h3 id="m29">api.tests.Test_store#test_purchaseOrderHistory</h3><table class="result"><tr class="param"><th>Parameter #1</th></tr><tr class="param stripe"><td>6</td></tr><tr><th>Exception</th></tr><tr><td><div class="stacktrace">java.lang.AssertionError: Order not found or invalid status code returned. expected [200] but found [404]
	at api.tests.Test_store.test_purchaseOrderHistory(Test_store.java:39)
	at java.base/java.util.ArrayList.forEach(ArrayList.java:1596)
... Removed 35 stack frames</div></td></tr></table><p class="totop"><a href="#summary">back to summary</a></p>
<h3 id="m30">api.tests.Test_store#test_purchaseOrderHistory</h3><table class="result"><tr class="param"><th>Parameter #1</th></tr><tr class="param stripe"><td>8</td></tr><tr><th>Exception</th></tr><tr><td><div class="stacktrace">java.lang.AssertionError: Order not found or invalid status code returned. expected [200] but found [404]
	at api.tests.Test_store.test_purchaseOrderHistory(Test_store.java:39)
	at java.base/java.util.ArrayList.forEach(ArrayList.java:1596)
... Removed 35 stack frames</div></td></tr></table><p class="totop"><a href="#summary">back to summary</a></p>
<h3 id="m31">api.tests.Test_store#test_getStroreInventory</h3><table class="result"><tr><th class="invisible"/></tr></table><p class="totop"><a href="#summary">back to summary</a></p>
<h3 id="m32">api.tests.Test_store#test_placeOrder</h3><table class="result"><tr class="param"><th>Parameter #1</th><th>Parameter #2</th><th>Parameter #3</th><th>Parameter #4</th><th>Parameter #5</th><th>Parameter #6</th></tr><tr class="param stripe"><td>1020</td><td>1002</td><td>3</td><td>2024-12-03T19:17:38.568Z</td><td>placed</td><td>true</td></tr></table><p class="totop"><a href="#summary">back to summary</a></p>
<h3 id="m33">api.tests.Test_store#test_placeOrder</h3><table class="result"><tr class="param"><th>Parameter #1</th><th>Parameter #2</th><th>Parameter #3</th><th>Parameter #4</th><th>Parameter #5</th><th>Parameter #6</th></tr><tr class="param stripe"><td>1030</td><td>1003</td><td>5</td><td>2024-12-03T19:17:38.568Z</td><td>placed</td><td>true</td></tr></table><p class="totop"><a href="#summary">back to summary</a></p>
<h3 id="m34">api.tests.Test_store#test_placeOrder</h3><table class="result"><tr class="param"><th>Parameter #1</th><th>Parameter #2</th><th>Parameter #3</th><th>Parameter #4</th><th>Parameter #5</th><th>Parameter #6</th></tr><tr class="param stripe"><td>1010</td><td>1001</td><td>2</td><td>2024-12-03T19:17:38.568Z</td><td>placed</td><td>true</td></tr></table><p class="totop"><a href="#summary">back to summary</a></p>
</body>
</html>
